<?xml version="1.0" encoding="UTF-8"?>
<!-- Generated by org.testng.reporters.JUnitReportReporter -->
<testsuite skipped="0" hostname="ECS-4cb185a6" name="com.autodesk.testclasstestNg" tests="1" failures="0" timestamp="06 Dec 2017 12:49:23 GMT" time="0.020" errors="0">
  <testcase name="testA" time="0.020" classname="com.autodesk.testclasstestNg"/>
</testsuite> <!-- com.autodesk.testclasstestNg -->
